<?xml version="1.0" encoding="UTF-8"?>
<!-- Generated by org.testng.reporters.JUnitReportReporter -->
<testsuite name="com.tester.cases.GetUserInfoTest" tests="1" time="0.000" ignored="0" failures="0" timestamp="21 Feb 2021 11:46:49 GMT" skipped="1" hostname="DESKTOP-GVJ1DE5" errors="0">
  <testcase name="getUserInfo" time="0.000" classname="com.tester.cases.GetUserInfoTest">
    <skipped/>
  </testcase> <!-- getUserInfo -->
</testsuite> <!-- com.tester.cases.GetUserInfoTest -->
